0 info it worked if it ends with ok
1 verbose cli [ '/usr/bin/nodejs',
1 verbose cli   '/usr/bin/npm',
1 verbose cli   'install',
1 verbose cli   '-g',
1 verbose cli   'javascripting' ]
2 info using npm@2.15.1
3 info using node@v4.4.4
4 verbose install initial load of /usr/lib/package.json
5 verbose readDependencies loading dependencies from /usr/lib/package.json
6 silly cache add args [ 'javascripting', null ]
7 verbose cache add spec javascripting
8 silly cache add parsed spec Result {
8 silly cache add   raw: 'javascripting',
8 silly cache add   scope: null,
8 silly cache add   name: 'javascripting',
8 silly cache add   rawSpec: '',
8 silly cache add   spec: 'latest',
8 silly cache add   type: 'tag' }
9 silly addNamed javascripting@latest
10 verbose addNamed "latest" is being treated as a dist-tag for javascripting
11 info addNameTag [ 'javascripting', 'latest' ]
12 silly mapToRegistry name javascripting
13 silly mapToRegistry using default registry
14 silly mapToRegistry registry https://registry.npmjs.org/
15 silly mapToRegistry data Result {
15 silly mapToRegistry   raw: 'javascripting',
15 silly mapToRegistry   scope: null,
15 silly mapToRegistry   name: 'javascripting',
15 silly mapToRegistry   rawSpec: '',
15 silly mapToRegistry   spec: 'latest',
15 silly mapToRegistry   type: 'tag' }
16 silly mapToRegistry uri https://registry.npmjs.org/javascripting
17 verbose addNameTag registry:https://registry.npmjs.org/javascripting not in flight; fetching
18 verbose request uri https://registry.npmjs.org/javascripting
19 verbose request no auth needed
20 info attempt registry request try #1 at 3:21:32 PM
21 verbose request id 991808d6a117aedd
22 http request GET https://registry.npmjs.org/javascripting
23 http 200 https://registry.npmjs.org/javascripting
24 verbose headers { server: 'CouchDB/1.5.0 (Erlang OTP/R16B03)',
24 verbose headers   etag: '"98ZD5T522SVEZYETHYUFI0CNJ"',
24 verbose headers   'content-type': 'application/json',
24 verbose headers   'content-encoding': 'gzip',
24 verbose headers   'cache-control': 'max-age=300',
24 verbose headers   'content-length': '6265',
24 verbose headers   'accept-ranges': 'bytes',
24 verbose headers   date: 'Wed, 03 Aug 2016 09:51:34 GMT',
24 verbose headers   via: '1.1 varnish',
24 verbose headers   age: '0',
24 verbose headers   connection: 'keep-alive',
24 verbose headers   'x-served-by': 'cache-sin6924-SIN',
24 verbose headers   'x-cache': 'MISS',
24 verbose headers   'x-cache-hits': '0',
24 verbose headers   'x-timer': 'S1470217893.996314,VS0,VE225',
24 verbose headers   vary: 'Accept-Encoding' }
25 silly get cb [ 200,
25 silly get   { server: 'CouchDB/1.5.0 (Erlang OTP/R16B03)',
25 silly get     etag: '"98ZD5T522SVEZYETHYUFI0CNJ"',
25 silly get     'content-type': 'application/json',
25 silly get     'content-encoding': 'gzip',
25 silly get     'cache-control': 'max-age=300',
25 silly get     'content-length': '6265',
25 silly get     'accept-ranges': 'bytes',
25 silly get     date: 'Wed, 03 Aug 2016 09:51:34 GMT',
25 silly get     via: '1.1 varnish',
25 silly get     age: '0',
25 silly get     connection: 'keep-alive',
25 silly get     'x-served-by': 'cache-sin6924-SIN',
25 silly get     'x-cache': 'MISS',
25 silly get     'x-cache-hits': '0',
25 silly get     'x-timer': 'S1470217893.996314,VS0,VE225',
25 silly get     vary: 'Accept-Encoding' } ]
26 verbose get saving javascripting to /home/tanmay/.npm/registry.npmjs.org/javascripting/.cache.json
27 verbose correctMkdir /home/tanmay/.npm correctMkdir not in flight; initializing
28 silly addNameTag next cb for javascripting with tag latest
29 silly addNamed javascripting@2.6.0
30 verbose addNamed "2.6.0" is a plain semver version for javascripting
31 silly mapToRegistry name javascripting
32 silly mapToRegistry using default registry
33 silly mapToRegistry registry https://registry.npmjs.org/
34 silly mapToRegistry data Result {
34 silly mapToRegistry   raw: 'javascripting',
34 silly mapToRegistry   scope: null,
34 silly mapToRegistry   name: 'javascripting',
34 silly mapToRegistry   rawSpec: '',
34 silly mapToRegistry   spec: 'latest',
34 silly mapToRegistry   type: 'tag' }
35 silly mapToRegistry uri https://registry.npmjs.org/javascripting
36 verbose addRemoteTarball https://registry.npmjs.org/javascripting/-/javascripting-2.6.0.tgz not in flight; adding
37 verbose addRemoteTarball [ 'https://registry.npmjs.org/javascripting/-/javascripting-2.6.0.tgz',
37 verbose addRemoteTarball   'f31fb59ebb18e21e611ca16b243ea040c9bd57bc' ]
38 info retry fetch attempt 1 at 3:21:34 PM
39 info attempt registry request try #1 at 3:21:34 PM
40 http fetch GET https://registry.npmjs.org/javascripting/-/javascripting-2.6.0.tgz
41 http fetch 200 https://registry.npmjs.org/javascripting/-/javascripting-2.6.0.tgz
42 silly fetchAndShaCheck shasum f31fb59ebb18e21e611ca16b243ea040c9bd57bc
43 verbose addTmpTarball /tmp/npm-6388-7fe1de33/registry.npmjs.org/javascripting/-/javascripting-2.6.0.tgz not in flight; adding
44 verbose addTmpTarball already have metadata; skipping unpack for javascripting@2.6.0
45 verbose correctMkdir /home/tanmay/.npm correctMkdir not in flight; initializing
46 silly cache afterAdd javascripting@2.6.0
47 verbose afterAdd /home/tanmay/.npm/javascripting/2.6.0/package/package.json not in flight; writing
48 verbose correctMkdir /home/tanmay/.npm correctMkdir not in flight; initializing
49 verbose afterAdd /home/tanmay/.npm/javascripting/2.6.0/package/package.json written
50 silly install resolved [ { name: 'javascripting',
50 silly install resolved     description: 'Learn JavaScript by adventuring around in the terminal.',
50 silly install resolved     version: '2.6.0',
50 silly install resolved     repository: { url: 'git+https://github.com/sethvincent/javascripting.git' },
50 silly install resolved     author: { name: 'sethvincent' },
50 silly install resolved     bin: { javascripting: './bin/javascripting' },
50 silly install resolved     main: './index.js',
50 silly install resolved     preferGlobal: true,
50 silly install resolved     dependencies:
50 silly install resolved      { colors: '^1.0.3',
50 silly install resolved        promise: '^7.1.1',
50 silly install resolved        diff: '^1.2.1',
50 silly install resolved        'workshopper-adventure': '^4.4.6' },
50 silly install resolved     license: 'MIT',
50 silly install resolved     gitHead: '74fd23b761bf78d25ce88afcfd4531ce135fa5b5',
50 silly install resolved     bugs: { url: 'https://github.com/sethvincent/javascripting/issues' },
50 silly install resolved     homepage: 'https://github.com/sethvincent/javascripting#readme',
50 silly install resolved     _id: 'javascripting@2.6.0',
50 silly install resolved     scripts: {},
50 silly install resolved     _shasum: 'f31fb59ebb18e21e611ca16b243ea040c9bd57bc',
50 silly install resolved     _from: 'javascripting@latest',
50 silly install resolved     _npmVersion: '3.8.3',
50 silly install resolved     _nodeVersion: '5.7.0',
50 silly install resolved     _npmUser: { name: 'sethvincent', email: 'sethvincent@gmail.com' },
50 silly install resolved     dist:
50 silly install resolved      { shasum: 'f31fb59ebb18e21e611ca16b243ea040c9bd57bc',
50 silly install resolved        tarball: 'https://registry.npmjs.org/javascripting/-/javascripting-2.6.0.tgz' },
50 silly install resolved     maintainers: [ [Object], [Object], [Object] ],
50 silly install resolved     _npmOperationalInternal:
50 silly install resolved      { host: 'packages-16-east.internal.npmjs.com',
50 silly install resolved        tmp: 'tmp/javascripting-2.6.0.tgz_1460848977426_0.47501350194215775' },
50 silly install resolved     directories: {},
50 silly install resolved     _resolved: 'https://registry.npmjs.org/javascripting/-/javascripting-2.6.0.tgz' } ]
51 info install javascripting@2.6.0 into /usr/lib
52 info installOne javascripting@2.6.0
53 verbose installOne of javascripting to /usr/lib not in flight; installing
54 verbose correctMkdir /home/tanmay/.npm/_locks correctMkdir not in flight; initializing
55 verbose lock using /home/tanmay/.npm/_locks/javascripting-25c2229d846845b7.lock for /usr/lib/node_modules/javascripting
56 silly install write writing javascripting 2.6.0 to /usr/lib/node_modules/javascripting
57 verbose unbuild lib/node_modules/javascripting
58 silly gentlyRm /usr/lib/node_modules/javascripting is being purged from base /usr
59 verbose gentlyRm don't care about contents; nuking /usr/lib/node_modules/javascripting
60 verbose tar unpack /home/tanmay/.npm/javascripting/2.6.0/package.tgz
61 verbose tar unpacking to /usr/lib/node_modules/javascripting
62 silly gentlyRm /usr/lib/node_modules/javascripting is being purged
63 verbose gentlyRm don't care about contents; nuking /usr/lib/node_modules/javascripting
64 silly gunzTarPerm modes [ '775', '664' ]
65 error tar.unpack untar error /home/tanmay/.npm/javascripting/2.6.0/package.tgz
66 verbose unlock done using /home/tanmay/.npm/_locks/javascripting-25c2229d846845b7.lock for /usr/lib/node_modules/javascripting
67 verbose fstream_path /usr/lib/node_modules/javascripting
68 verbose fstream_type Directory
69 verbose fstream_class DirWriter
70 verbose stack Error: EACCES: permission denied, mkdir '/usr/lib/node_modules/javascripting'
70 verbose stack     at Error (native)
71 verbose fstream_stack /usr/lib/node_modules/npm/node_modules/fstream/lib/dir-writer.js:35:25
71 verbose fstream_stack /usr/lib/node_modules/npm/node_modules/mkdirp/index.js:47:53
71 verbose fstream_stack FSReqWrap.oncomplete (fs.js:82:15)
72 verbose cwd /home/tanmay/my_projects/Astroguru/AstroGuru
73 error Linux 3.19.0-58-generic
74 error argv "/usr/bin/nodejs" "/usr/bin/npm" "install" "-g" "javascripting"
75 error node v4.4.4
76 error npm  v2.15.1
77 error path /usr/lib/node_modules/javascripting
78 error code EACCES
79 error errno -13
80 error syscall mkdir
81 error Error: EACCES: permission denied, mkdir '/usr/lib/node_modules/javascripting'
81 error     at Error (native)
81 error  { [Error: EACCES: permission denied, mkdir '/usr/lib/node_modules/javascripting']
81 error   errno: -13,
81 error   code: 'EACCES',
81 error   syscall: 'mkdir',
81 error   path: '/usr/lib/node_modules/javascripting',
81 error   fstream_type: 'Directory',
81 error   fstream_path: '/usr/lib/node_modules/javascripting',
81 error   fstream_class: 'DirWriter',
81 error   fstream_stack:
81 error    [ '/usr/lib/node_modules/npm/node_modules/fstream/lib/dir-writer.js:35:25',
81 error      '/usr/lib/node_modules/npm/node_modules/mkdirp/index.js:47:53',
81 error      'FSReqWrap.oncomplete (fs.js:82:15)' ] }
82 error Please try running this command again as root/Administrator.
83 verbose exit [ -13, true ]
84 verbose unbuild lib/node_modules/javascripting
85 silly gentlyRm /usr/lib/node_modules/javascripting is being purged from base /usr
86 verbose gentlyRm don't care about contents; nuking /usr/lib/node_modules/javascripting
